<?xml version="1.0" encoding="UTF-8"?>
<testsuite name="ru.udjin.addressbook.category.KatalonGroupTest" tests="1" skipped="0" failures="0" errors="0" timestamp="2020-10-25T18:04:53" hostname="DESKTOP-6CPA1R7" time="1.267">
  <properties/>
  <testcase name="testUntitledTestCase" classname="ru.udjin.addressbook.category.KatalonGroupTest" time="1.267"/>
  <system-out><![CDATA[]]></system-out>
  <system-err><![CDATA[1603649089233	geckodriver	INFO	Listening on 127.0.0.1:21485
1603649090266	mozrunner::runner	INFO	Running command: "C:\\Program Files\\Mozilla Firefox\\firefox.exe" "--marionette" "-foreground" "-no-remote" "-profile" "C:\\Users\\Udjin\\AppData\\Local\\Temp\\rust_mozprofileWhoY3N"
Can't find symbol 'eglSwapBuffersWithDamageEXT'.
JavaScript error: resource://gre/modules/XULStore.jsm, line 66: Error: Can't find profile directory.
console.warn: SearchSettings: "get: No settings file exists, new profile?" (new Error("", "(unknown module)"))
1603649093241	Marionette	INFO	Listening on port 63722
1603649093396	Marionette	WARN	TLS certificate errors will be ignored for this session
окт. 26, 2020 4:04:53 AM org.openqa.selenium.remote.ProtocolHandshake createSession
INFO: Detected dialect: W3C
]]></system-err>
</testsuite>
