<?xml version="1.0" encoding="UTF-8"?>
<testsuite name="ru.udjin.addressbook.category.DeleteGroupTestCase" tests="1" skipped="0" failures="0" errors="0" timestamp="2020-10-27T07:38:05" hostname="DESKTOP-6CPA1R7" time="0.397">
  <properties/>
  <testcase name="testDeleteGroupTestCase" classname="ru.udjin.addressbook.category.DeleteGroupTestCase" time="0.397"/>
  <system-out><![CDATA[]]></system-out>
  <system-err><![CDATA[1603784281150	geckodriver	INFO	Listening on 127.0.0.1:21666
1603784282185	mozrunner::runner	INFO	Running command: "C:\\Program Files\\Mozilla Firefox\\firefox.exe" "--marionette" "-foreground" "-no-remote" "-profile" "C:\\Users\\Udjin\\AppData\\Local\\Temp\\rust_mozprofile55gIT9"
Can't find symbol 'eglSwapBuffersWithDamageEXT'.
JavaScript error: resource://gre/modules/XULStore.jsm, line 66: Error: Can't find profile directory.
console.warn: SearchSettings: "get: No settings file exists, new profile?" (new Error("", "(unknown module)"))
1603784284982	Marionette	INFO	Listening on port 53952
1603784285331	Marionette	WARN	TLS certificate errors will be ignored for this session
окт. 27, 2020 5:38:05 PM org.openqa.selenium.remote.ProtocolHandshake createSession
INFO: Detected dialect: W3C
]]></system-err>
</testsuite>
