<?xml version="1.0" encoding="UTF-8"?>
<testsuite name="ru.udjin.addressbook.category.tests.DeleteGroupTestCase" tests="1" skipped="0" failures="0" errors="0" timestamp="2020-10-27T09:45:42" hostname="DESKTOP-6CPA1R7" time="0.41">
  <properties/>
  <testcase name="testDeleteGroupTestCase" classname="ru.udjin.addressbook.category.tests.DeleteGroupTestCase" time="0.41"/>
  <system-out><![CDATA[]]></system-out>
  <system-err><![CDATA[1603791937708	geckodriver	INFO	Listening on 127.0.0.1:41450
1603791938721	mozrunner::runner	INFO	Running command: "C:\\Program Files\\Mozilla Firefox\\firefox.exe" "--marionette" "-foreground" "-no-remote" "-profile" "C:\\Users\\Udjin\\AppData\\Local\\Temp\\rust_mozprofileK9t4OZ"
Can't find symbol 'eglSwapBuffersWithDamageEXT'.
JavaScript error: resource://gre/modules/XULStore.jsm, line 66: Error: Can't find profile directory.
console.warn: SearchSettings: "get: No settings file exists, new profile?" (new Error("", "(unknown module)"))
1603791941598	Marionette	INFO	Listening on port 51546
1603791941862	Marionette	WARN	TLS certificate errors will be ignored for this session
окт. 27, 2020 7:45:41 PM org.openqa.selenium.remote.ProtocolHandshake createSession
INFO: Detected dialect: W3C
]]></system-err>
</testsuite>
